d:\serienwarteschlange\debug\shader.obj
d:\serienwarteschlange\debug\objloader.obj
d:\serienwarteschlange\debug\objects.obj
d:\serienwarteschlange\debug\texture.obj
d:\serienwarteschlange\debug\testprojektc.obj
d:\serienwarteschlange\debug\vc140.pdb
d:\universität\ai 4.sem. ss 16 htw\computergrafik jung\kuerteiltest\kuerteil\debug\testprojektc.obj
d:\universität\ai 4.sem. ss 16 htw\computergrafik jung\kuerteiltest\kuerteil\debug\objects.obj
d:\universität\ai 4.sem. ss 16 htw\computergrafik jung\kuerteiltest\kuerteil\debug\texture.obj
d:\universität\ai 4.sem. ss 16 htw\computergrafik jung\kuerteiltest\kuerteil\debug\objloader.obj
d:\universität\ai 4.sem. ss 16 htw\computergrafik jung\kuerteiltest\kuerteil\debug\shader.obj
d:\universität\ai 4.sem. ss 16 htw\computergrafik jung\kuerteiltest\kuerteil\debug\vc140.pdb
d:\serienwarteschlange\debug\cgtutorial.ilk
d:\serienwarteschlange\debug\cgtutorial.exe
d:\serienwarteschlange\debug\cgtutorial.pdb
d:\universität\ai 4.sem. ss 16 htw\computergrafik jung\kuerteiltest\kuerteil\debug\cgtutorial.ilk
d:\universität\ai 4.sem. ss 16 htw\computergrafik jung\kuerteiltest\kuerteil\debug\cgtutorial.exe
d:\universität\ai 4.sem. ss 16 htw\computergrafik jung\kuerteiltest\kuerteil\debug\cgtutorial.pdb
d:\universität\ai 4.sem. ss 16 htw\computergrafik jung\kuerteiltest\kuerteil\debug\cgtutorial.obj
d:\universität\ai 4.sem. ss 16 htw\computergrafik jung\kuerteiltest\kuerteil\debug\teapot.obj
d:\universität\ai 4.sem. ss 16 htw\computergrafik jung\kuerteiltest\kuerteil\debug\test.pdb
d:\universität\ai 4.sem. ss 16 htw\computergrafik jung\kuerteiltest\kuerteil\debug\testprojekt.tlog\cl.command.1.tlog
d:\universität\ai 4.sem. ss 16 htw\computergrafik jung\kuerteiltest\kuerteil\debug\testprojekt.tlog\cl.read.1.tlog
d:\universität\ai 4.sem. ss 16 htw\computergrafik jung\kuerteiltest\kuerteil\debug\testprojekt.tlog\cl.write.1.tlog
d:\universität\ai 4.sem. ss 16 htw\computergrafik jung\kuerteiltest\kuerteil\debug\testprojekt.tlog\link.command.1.tlog
d:\universität\ai 4.sem. ss 16 htw\computergrafik jung\kuerteiltest\kuerteil\debug\testprojekt.tlog\link.read.1.tlog
d:\universität\ai 4.sem. ss 16 htw\computergrafik jung\kuerteiltest\kuerteil\debug\testprojekt.tlog\link.write.1.tlog
