C:\Program Files (x86)\MSBuild\14.0\bin\Microsoft.Common.CurrentVersion.targets(1611,5): warning : The referenced project 'C:/Users/tj/Documents/OpenGL-tutorial_Binaries/external/GLEW_190.vcxproj' does not exist.
C:\Program Files (x86)\MSBuild\14.0\bin\Microsoft.Common.CurrentVersion.targets(1611,5): warning : The referenced project 'C:/Users/tj/Documents/OpenGL-tutorial_Binaries/external/GLFW_276.vcxproj' does not exist.
C:\Program Files (x86)\MSBuild\14.0\bin\Microsoft.Common.CurrentVersion.targets(1611,5): warning : The referenced project 'C:/Users/tj/Documents/OpenGL-tutorial_Binaries/ZERO_CHECK.vcxproj' does not exist.
C:\Program Files (x86)\MSBuild\Microsoft.Cpp\v4.0\V140\Microsoft.CppBuild.targets(392,5): warning MSB8028: The intermediate directory (Release\) contains files shared from another project (CGTutorial.vcxproj, Testprojekt.vcxproj).  This can lead to incorrect clean and rebuild behavior.
  Kannensweeper.cpp
  objects.cpp
  objloader.cpp
  shader.cpp
objects.cpp(489): warning C4305: "Argument": Verkürzung von "double" in "float" (Quelldatei wird kompiliert objects.cpp)
C:\Program Files (x86)\Windows Kits\8.1\Include\shared\minwindef.h(130): warning C4005: "APIENTRY": Makro-Neudefinition (Quelldatei wird kompiliert Kannensweeper.cpp)
  external\glfw-3.1.2\GLFW/glfw3.h(85): note: Siehe vorherige Definition von "APIENTRY" (Quelldatei wird kompiliert Kannensweeper.cpp)
Kannensweeper.cpp(127): warning C4244: "Argument": Konvertierung von "time_t" in "unsigned int", möglicher Datenverlust (Quelldatei wird kompiliert Kannensweeper.cpp)
Kannensweeper.cpp(279): warning C4244: "=": Konvertierung von "int" in "float", möglicher Datenverlust (Quelldatei wird kompiliert Kannensweeper.cpp)
Kannensweeper.cpp(569): warning C4305: "+=": Verkürzung von "double" in "GLfloat" (Quelldatei wird kompiliert Kannensweeper.cpp)
Kannensweeper.cpp(573): warning C4305: "-=": Verkürzung von "double" in "GLfloat" (Quelldatei wird kompiliert Kannensweeper.cpp)
Kannensweeper.cpp(718): warning C4244: "=": Konvertierung von "double" in "GLfloat", möglicher Datenverlust (Quelldatei wird kompiliert Kannensweeper.cpp)
Kannensweeper.cpp(719): warning C4244: "=": Konvertierung von "double" in "GLfloat", möglicher Datenverlust (Quelldatei wird kompiliert Kannensweeper.cpp)
  texture.cpp
LINK : warning LNK4098: Standardbibliothek "LIBCMT" steht in Konflikt mit anderen Bibliotheken; /NODEFAULTLIB:Bibliothek verwenden.
  CGTutorial.vcxproj -> D:\Universität\AI 4.Sem. SS 16 HTW\Computergrafik Jung\KuerteilTest\Kuerteil\Release\CGTutorial.exe
